<?xml version="1.0" encoding="UTF-8"?>
<testsuite xmlns:xsi="http://www.w3.org/2001/XMLSchema-instance" xsi:noNamespaceSchemaLocation="https://maven.apache.org/surefire/maven-surefire-plugin/xsd/surefire-test-report.xsd" version="3.0.2" name="TestSuite" time="15.765" tests="1" errors="0" skipped="0" failures="0">
  <properties>
[...]
</properties>
  <testcase name="runScenario[&quot;Validate create and get place API&quot;, &quot;Place API Testing&quot;](1)" classname="testRunner.TestRunnerTest" time="13.655">
    <system-out><![CDATA[
Scenario: Validate create and get place API             # src/test/resources/features/addPlace.feature:3
  Given Add Place payload                               # stepDef.AddPlaceStepDef.add_place_payload()
Request method:	POST
Request URI:	https://rahulshettyacademy.com/maps/api/place/add/json?key=qaclick123
Proxy:			<none>
Request params:	<none>
Query params:	key=qaclick123
Form params:	<none>
Path params:	<none>
Headers:		Accept=*/*
				Content-Type=application/json
Cookies:		<none>
Multiparts:		<none>
Body:
{
    "location": {
        "lat": -38.383494,
        "lng": 33.427362
    },
    "accuracy": 50,
    "name": "Rahul Shetty Academy",
    "phone_number": "(+91) 983 893 3937",
    "address": "29, side layout, cohen 09",
    "types": [
        "shoe park",
        "shop"
    ],
    "website": "http://google.com",
    "language": "French-IN"
}
  When User calls "AddPlaceAPI" with POST request       # stepDef.AddPlaceStepDef.user_calls_with_post_request(java.lang.String)
HTTP/1.1 200 OK
Date: Wed, 29 Apr 2026 05:28:08 GMT
Server: Apache/2.4.52 (Ubuntu)
Strict-Transport-Security: max-age=604800; includeSubDomains
Access-Control-Allow-Origin: *
Access-Control-Allow-Methods: POST
Access-Control-Max-Age: 3600
Access-Control-Allow-Headers: Content-Type, Access-Control-Allow-Headers, Authorization, X-Requested-With
Content-Length: 194
Keep-Alive: timeout=5, max=100
Connection: Keep-Alive
Content-Type: application/json;charset=UTF-8

{
    "status": "OK",
    "place_id": "fdaa9c3e6174fe8afe94c5e432108859",
    "scope": "APP",
    "reference": "14044b5a95454ffb7ce832f5424153be14044b5a95454ffb7ce832f5424153be",
    "id": "14044b5a95454ffb7ce832f5424153be"
}
  Then API call is successful with status code 200      # stepDef.AddPlaceStepDef.api_call_is_successful_with_status_code(java.lang.Integer)
status is OK
  And "status" in response body is "OK"                 # stepDef.AddPlaceStepDef.in_response_body_is(java.lang.String,java.lang.String)
placeid is fdaa9c3e6174fe8afe94c5e432108859
  And extract place_id from response                    # stepDef.AddPlaceStepDef.extract_place_id_from_response()
  Given Get Place payload using place_id                # stepDef.AddPlaceStepDef.get_place_payload_using_place_id()
Request method:	GET
Request URI:	https://rahulshettyacademy.com/maps/api/place/get/json?key=qaclick123&place_id=fdaa9c3e6174fe8afe94c5e432108859
Proxy:			<none>
Request params:	<none>
Query params:	key=qaclick123
				place_id=fdaa9c3e6174fe8afe94c5e432108859
Form params:	<none>
Path params:	<none>
Headers:		Accept=*/*
				Content-Type=application/json
Cookies:		<none>
Multiparts:		<none>
Body:			<none>
  When User calls "GetPlaceAPI" with GET request        # stepDef.AddPlaceStepDef.user_calls_with_get_request(java.lang.String)
HTTP/1.1 200 OK
Date: Wed, 29 Apr 2026 05:28:12 GMT
Server: Apache/2.4.52 (Ubuntu)
Strict-Transport-Security: max-age=604800; includeSubDomains
Access-Control-Allow-Origin: *
Access-Control-Allow-Methods: POST
Access-Control-Max-Age: 3600
Access-Control-Allow-Headers: Content-Type, Access-Control-Allow-Headers, Authorization, X-Requested-With
Content-Length: 262
Keep-Alive: timeout=5, max=100
Connection: Keep-Alive
Content-Type: application/json;charset=UTF-8

{
    "location": {
        "latitude": "-38.383494",
        "longitude": "33.427362"
    },
    "accuracy": "50",
    "name": "Rahul Shetty Academy",
    "phone_number": "(+91) 983 893 3937",
    "address": "29, side layout, cohen 09",
    "types": "shoe park,shop",
    "website": "http://google.com",
    "language": "French-IN"
}
  Then API call is successful with status code 200      # stepDef.AddPlaceStepDef.api_call_is_successful_with_status_code(java.lang.Integer)
status is Rahul Shetty Academy
  And "name" in response body is "Rahul Shetty Academy" # stepDef.AddPlaceStepDef.in_response_body_is(java.lang.String,java.lang.String)
]]></system-out>
    <system-err><![CDATA[SLF4J: Failed to load class "org.slf4j.impl.StaticLoggerBinder".
SLF4J: Defaulting to no-operation (NOP) logger implementation
SLF4J: See http://www.slf4j.org/codes.html#StaticLoggerBinder for further details.
]]></system-err>
  </testcase>
</testsuite>