<?xml version="1.0" encoding="UTF-8"?>
<testng-results ignored="0" total="1" passed="1" failed="0" skipped="0">
  <reporter-output>
  </reporter-output>
  <suite started-at="2026-04-29T00:28:02 CDT" name="Surefire suite" finished-at="2026-04-29T00:28:17 CDT" duration-ms="14680">
    <groups>
      <group name="cucumber">
        <method signature="AbstractTestNGCucumberTests.runScenario(io.cucumber.testng.PickleWrapper,io.cucumber.testng.FeatureWrapper)[pri:0, instance:testRunner.TestRunnerTest@3aefe5e5]" name="runScenario" class="io.cucumber.testng.AbstractTestNGCucumberTests"/>
      </group> <!-- cucumber -->
    </groups>
    <test started-at="2026-04-29T00:28:02 CDT" name="Surefire test" finished-at="2026-04-29T00:28:17 CDT" duration-ms="14680">
      <class name="testRunner.TestRunnerTest">
        <test-method is-config="true" signature="setUpClass(org.testng.ITestContext)[pri:0, instance:testRunner.TestRunnerTest@3aefe5e5]" started-at="2026-04-29T00:28:02 CDT" name="setUpClass" finished-at="2026-04-29T00:28:03 CDT" duration-ms="888" status="PASS">
          <params>
            <param index="0">
              <value>
                <![CDATA[org.testng.TestRunner@66020d69]]>
              </value>
            </param>
          </params>
          <reporter-output>
          </reporter-output>
        </test-method> <!-- setUpClass -->
        <test-method signature="runScenario(io.cucumber.testng.PickleWrapper,io.cucumber.testng.FeatureWrapper)[pri:0, instance:testRunner.TestRunnerTest@3aefe5e5]" started-at="2026-04-29T00:28:03 CDT" name="runScenario" description="Runs Cucumber Scenarios" data-provider="scenarios" finished-at="2026-04-29T00:28:16 CDT" duration-ms="13648" status="PASS">
          <params>
            <param index="0">
              <value>
                <![CDATA["Validate create and get place API"]]>
              </value>
            </param>
            <param index="1">
              <value>
                <![CDATA["Place API Testing"]]>
              </value>
            </param>
          </params>
          <reporter-output>
          </reporter-output>
        </test-method> <!-- runScenario -->
        <test-method is-config="true" signature="tearDownClass()[pri:0, instance:testRunner.TestRunnerTest@3aefe5e5]" started-at="2026-04-29T00:28:17 CDT" name="tearDownClass" finished-at="2026-04-29T00:28:17 CDT" duration-ms="25" status="PASS">
          <reporter-output>
          </reporter-output>
        </test-method> <!-- tearDownClass -->
      </class> <!-- testRunner.TestRunnerTest -->
    </test> <!-- Surefire test -->
  </suite> <!-- Surefire suite -->
</testng-results>
